[2025-05-16 20:02:37] pl
[2025-05-16 20:05:20] list
[2025-05-16 20:06:25] save-all
[2025-05-16 20:06:25] stop
[2025-05-16 20:14:37] save-all
[2025-05-16 20:14:37] stop
[2025-05-16 20:19:34] list
[2025-05-16 20:22:38] list
[2025-05-16 20:25:42] list
[2025-05-16 20:27:35] op MerKaiRain
[2025-05-16 20:28:47] list
[2025-05-16 20:29:02] save-all
[2025-05-16 20:29:02] stop
[2025-05-16 20:45:07] list
[2025-05-16 20:48:11] list
[2025-05-16 20:49:22] save-all
[2025-05-16 20:49:22] stop
[2025-05-16 20:58:33] list
[2025-05-16 21:01:38] list
[2025-05-16 21:04:42] list
[2025-05-16 21:04:45] op Chesvin1
[2025-05-16 21:07:47] list
[2025-05-16 21:10:42] save-all
[2025-05-16 21:10:42] stop
[2025-05-16 21:12:34] save-all
[2025-05-16 21:12:34] stop
[2025-05-16 21:15:56] save-all
[2025-05-16 21:15:56] stop
[2025-05-16 21:21:52] list
[2025-05-16 21:24:56] list
[2025-05-16 21:28:01] list
[2025-05-16 21:31:05] list
[2025-05-16 21:34:09] list
[2025-05-16 21:35:49] save-all
[2025-05-16 21:35:49] stop
[2025-05-16 21:40:15] list
[2025-05-16 21:43:20] list
[2025-05-16 21:46:24] list
[2025-05-16 21:49:28] list
[2025-05-16 21:52:33] list
[2025-05-16 21:55:37] list
[2025-05-16 21:58:42] list
[2025-05-16 22:01:46] list
[2025-05-16 22:04:50] list
[2025-05-16 22:07:55] list
[2025-05-16 22:10:59] list
[2025-05-16 22:14:03] list
[2025-05-16 22:17:08] list
[2025-05-16 22:18:09] save-all
[2025-05-16 22:18:09] stop
[2025-05-16 22:22:21] mvdel main
[2025-05-16 22:22:49] mv remove main
[2025-05-16 22:23:47] save-all
[2025-05-16 22:23:47] stop
[2025-05-16 22:28:46] list
[2025-05-16 22:29:31] save-all
[2025-05-16 22:29:31] stop
